<?xml version="1.0" encoding="UTF-8"?>
<!-- Generated by org.testng.reporters.JUnitXMLReporter -->
<testsuite ignored="10" hostname="DESKTOP-TGI3SLI" failures="0" tests="6" name="SauceDemoUserFlow" time="2.668" errors="0" timestamp="2025-08-15T23:46:52 IST">
  <testcase classname="com.saucedemo.testcases.ProductsTest" name="addToCart" time="0.398"/>
  <testcase classname="com.saucedemo.testcases.CartTest" name="CartItems" time="0.499"/>
  <testcase classname="com.saucedemo.testcases.CheckoutInfoTest" name="userCheckoutInfo" time="0.489"/>
  <testcase classname="com.saucedemo.testcases.CheckoutCompleteTest" name="validateCartAmount" time="0.314"/>
  <testcase classname="com.saucedemo.testcases.ThankYouTest" name="validateOrderConfirm" time="0.196"/>
  <testcase classname="com.saucedemo.testcases.MenuTest" name="validateLogHome" time="0.352"/>
  <testcase classname="com.saucedemo.base.Base" name="@AfterSuite closeBrowser" time="0.0">
    <ignored/>
  </testcase> <!-- @AfterSuite closeBrowser -->
  <testcase classname="com.saucedemo.base.Base" name="@AfterSuite closeBrowser" time="0.0">
    <ignored/>
  </testcase> <!-- @AfterSuite closeBrowser -->
  <testcase classname="com.saucedemo.base.Base" name="@BeforeSuite setupLogin" time="0.0">
    <ignored/>
  </testcase> <!-- @BeforeSuite setupLogin -->
  <testcase classname="com.saucedemo.base.Base" name="@BeforeSuite setupLogin" time="0.0">
    <ignored/>
  </testcase> <!-- @BeforeSuite setupLogin -->
  <testcase classname="com.saucedemo.base.Base" name="@AfterSuite closeBrowser" time="0.0">
    <ignored/>
  </testcase> <!-- @AfterSuite closeBrowser -->
  <testcase classname="com.saucedemo.base.Base" name="@BeforeSuite setupLogin" time="0.0">
    <ignored/>
  </testcase> <!-- @BeforeSuite setupLogin -->
  <testcase classname="com.saucedemo.base.Base" name="@BeforeSuite setupLogin" time="0.0">
    <ignored/>
  </testcase> <!-- @BeforeSuite setupLogin -->
  <testcase classname="com.saucedemo.base.Base" name="@AfterSuite closeBrowser" time="0.0">
    <ignored/>
  </testcase> <!-- @AfterSuite closeBrowser -->
  <testcase classname="com.saucedemo.base.Base" name="@BeforeSuite setupLogin" time="0.0">
    <ignored/>
  </testcase> <!-- @BeforeSuite setupLogin -->
  <testcase classname="com.saucedemo.base.Base" name="@AfterSuite closeBrowser" time="0.0">
    <ignored/>
  </testcase> <!-- @AfterSuite closeBrowser -->
</testsuite> <!-- SauceDemoUserFlow -->
