<?xml version="1.0" encoding="UTF-8"?>
<!-- Generated by org.testng.reporters.JUnitXMLReporter -->
<testsuite ignored="10" hostname="DESKTOP-TGI3SLI" failures="0" tests="6" name="Test" time="3.637" errors="0" timestamp="2025-08-15T12:46:59 IST">
  <testcase classname="com.saucedemo.testcases.ProductsTest" name="addToCart" time="2.322"/>
  <testcase classname="com.saucedemo.testcases.CartTest" name="CartItems" time="0.189"/>
  <testcase classname="com.saucedemo.testcases.CheckoutInfoTest" name="userCheckoutInfo" time="0.287"/>
  <testcase classname="com.saucedemo.testcases.CheckoutCompleteTest" name="validateCartAmount" time="0.234"/>
  <testcase classname="com.saucedemo.testcases.ThankYouTest" name="validateOrderConfirm" time="0.197"/>
  <testcase classname="com.saucedemo.testcases.MenuTest" name="validateLogHome" time="0.268"/>
  <testcase classname="com.saucedemo.base.Base" name="@AfterSuite closeBrowser" time="0.0">
    <ignored/>
  </testcase> <!-- @AfterSuite closeBrowser -->
  <testcase classname="com.saucedemo.base.Base" name="@AfterSuite closeBrowser" time="0.0">
    <ignored/>
  </testcase> <!-- @AfterSuite closeBrowser -->
  <testcase classname="com.saucedemo.base.Base" name="@BeforeSuite setupLogin" time="0.0">
    <ignored/>
  </testcase> <!-- @BeforeSuite setupLogin -->
  <testcase classname="com.saucedemo.base.Base" name="@BeforeSuite setupLogin" time="0.0">
    <ignored/>
  </testcase> <!-- @BeforeSuite setupLogin -->
  <testcase classname="com.saucedemo.base.Base" name="@AfterSuite closeBrowser" time="0.0">
    <ignored/>
  </testcase> <!-- @AfterSuite closeBrowser -->
  <testcase classname="com.saucedemo.base.Base" name="@BeforeSuite setupLogin" time="0.0">
    <ignored/>
  </testcase> <!-- @BeforeSuite setupLogin -->
  <testcase classname="com.saucedemo.base.Base" name="@BeforeSuite setupLogin" time="0.0">
    <ignored/>
  </testcase> <!-- @BeforeSuite setupLogin -->
  <testcase classname="com.saucedemo.base.Base" name="@AfterSuite closeBrowser" time="0.0">
    <ignored/>
  </testcase> <!-- @AfterSuite closeBrowser -->
  <testcase classname="com.saucedemo.base.Base" name="@BeforeSuite setupLogin" time="0.0">
    <ignored/>
  </testcase> <!-- @BeforeSuite setupLogin -->
  <testcase classname="com.saucedemo.base.Base" name="@AfterSuite closeBrowser" time="0.0">
    <ignored/>
  </testcase> <!-- @AfterSuite closeBrowser -->
</testsuite> <!-- Test -->
